INFO  started: Metals version 0.8.0 in workspace '/home/bobby/Documents/programming/yahtzee-bot'
INFO  time: initialize in 2.08s
WARN  no build target for: /home/bobby/Documents/programming/yahtzee-bot/src/main/scala/example/Hello.scala
INFO  no build target: using presentation compiler with only scala-library
WARN  no build target for: /home/bobby/Documents/programming/yahtzee-bot/src/test/scala/example/HelloSpec.scala
WARN  no build target for: /home/bobby/Documents/programming/yahtzee-bot/project/Dependencies.scala
WARN  no build target for: /home/bobby/Documents/programming/yahtzee-bot/project/Dependencies.scala
WARN  code navigation does not work for the file '/home/bobby/Documents/programming/yahtzee-bot/src/main/scala/example/Hello.scala' because it doesn't belong to a build target.
WARN  code navigation does not work for the file '/home/bobby/Documents/programming/yahtzee-bot/src/main/scala/example/Hello.scala' because it doesn't belong to a build target.
WARN  no build target for: /home/bobby/Documents/programming/yahtzee-bot/src/main/scala/Hello.scala
WARN  no build target for: /home/bobby/Documents/programming/yahtzee-bot/src/main/scala/Hello.scala
WARN  no build target for: /home/bobby/Documents/programming/yahtzee-bot/src/main/scala/Main.scala
WARN  no build target for: /home/bobby/Documents/programming/yahtzee-bot/src/test/scala/example/HelloSpec.scala
WARN  no build target for: /home/bobby/Documents/programming/yahtzee-bot/src/test/scala/example/HelloSpec.scala
WARN  no build target for: /home/bobby/Documents/programming/yahtzee-bot/src/main/scala/Main.scala
WARN  no build target for: /home/bobby/Documents/programming/yahtzee-bot/src/test/scala/example/HelloSpec.scala
May 09, 2020 9:58:21 AM org.eclipse.lsp4j.jsonrpc.RemoteEndpoint handleCancellation
WARNING: Unmatched cancel notification for request id 246
WARN  no build target for: /home/bobby/Documents/programming/yahtzee-bot/src/test/scala/example/HelloSpec.scala
INFO  started: Metals version 0.8.0 in workspace '/home/bobby/Documents/programming/yahtzee-bot'
INFO  time: initialize in 2.9s
INFO  skipping build import with status 'Requested'
WARN  no build target for: /home/bobby/Documents/programming/yahtzee-bot/src/main/scala/Main.scala
INFO  no build target: using presentation compiler with only scala-library
May 10, 2020 8:39:01 AM org.eclipse.lsp4j.jsonrpc.RemoteEndpoint handleCancellation
WARNING: Unmatched cancel notification for request id 2
May 10, 2020 8:39:01 AM org.eclipse.lsp4j.jsonrpc.RemoteEndpoint handleCancellation
WARNING: Unmatched cancel notification for request id 5
May 10, 2020 8:39:01 AM org.eclipse.lsp4j.jsonrpc.RemoteEndpoint handleCancellation
WARNING: Unmatched cancel notification for request id 8
May 10, 2020 8:39:01 AM org.eclipse.lsp4j.jsonrpc.RemoteEndpoint handleCancellation
WARNING: Unmatched cancel notification for request id 7
May 10, 2020 8:39:01 AM org.eclipse.lsp4j.jsonrpc.RemoteEndpoint handleCancellation
WARNING: Unmatched cancel notification for request id 1
May 10, 2020 8:39:01 AM org.eclipse.lsp4j.jsonrpc.RemoteEndpoint handleCancellation
WARNING: Unmatched cancel notification for request id 9
May 10, 2020 8:39:01 AM org.eclipse.lsp4j.jsonrpc.RemoteEndpoint handleCancellation
WARNING: Unmatched cancel notification for request id 14
May 10, 2020 8:39:01 AM org.eclipse.lsp4j.jsonrpc.RemoteEndpoint handleCancellation
WARNING: Unmatched cancel notification for request id 11
May 10, 2020 8:39:01 AM org.eclipse.lsp4j.jsonrpc.RemoteEndpoint handleCancellation
WARNING: Unmatched cancel notification for request id 13
May 10, 2020 8:39:01 AM org.eclipse.lsp4j.jsonrpc.RemoteEndpoint handleCancellation
WARNING: Unmatched cancel notification for request id 15
May 10, 2020 8:39:01 AM org.eclipse.lsp4j.jsonrpc.RemoteEndpoint handleCancellation
WARNING: Unmatched cancel notification for request id 18
May 10, 2020 8:39:01 AM org.eclipse.lsp4j.jsonrpc.RemoteEndpoint handleCancellation
WARNING: Unmatched cancel notification for request id 17
May 10, 2020 8:39:01 AM org.eclipse.lsp4j.jsonrpc.RemoteEndpoint handleCancellation
WARNING: Unmatched cancel notification for request id 22
May 10, 2020 8:39:01 AM org.eclipse.lsp4j.jsonrpc.RemoteEndpoint handleCancellation
WARNING: Unmatched cancel notification for request id 20
May 10, 2020 8:39:01 AM org.eclipse.lsp4j.jsonrpc.RemoteEndpoint handleCancellation
WARNING: Unmatched cancel notification for request id 23
May 10, 2020 8:39:01 AM org.eclipse.lsp4j.jsonrpc.RemoteEndpoint handleCancellation
WARNING: Unmatched cancel notification for request id 19
May 10, 2020 8:39:01 AM org.eclipse.lsp4j.jsonrpc.RemoteEndpoint handleCancellation
WARNING: Unmatched cancel notification for request id 26
May 10, 2020 8:39:01 AM org.eclipse.lsp4j.jsonrpc.RemoteEndpoint handleCancellation
WARNING: Unmatched cancel notification for request id 27
May 10, 2020 8:39:01 AM org.eclipse.lsp4j.jsonrpc.RemoteEndpoint handleCancellation
WARNING: Unmatched cancel notification for request id 29
May 10, 2020 8:39:01 AM org.eclipse.lsp4j.jsonrpc.RemoteEndpoint handleCancellation
WARNING: Unmatched cancel notification for request id 28
May 10, 2020 8:39:01 AM org.eclipse.lsp4j.jsonrpc.RemoteEndpoint handleCancellation
WARNING: Unmatched cancel notification for request id 31
May 10, 2020 8:39:01 AM org.eclipse.lsp4j.jsonrpc.RemoteEndpoint handleCancellation
WARNING: Unmatched cancel notification for request id 30
May 10, 2020 8:39:01 AM org.eclipse.lsp4j.jsonrpc.RemoteEndpoint handleCancellation
WARNING: Unmatched cancel notification for request id 32
May 10, 2020 8:39:01 AM org.eclipse.lsp4j.jsonrpc.RemoteEndpoint handleCancellation
WARNING: Unmatched cancel notification for request id 34
May 10, 2020 8:39:01 AM org.eclipse.lsp4j.jsonrpc.RemoteEndpoint handleCancellation
WARNING: Unmatched cancel notification for request id 33
May 10, 2020 8:39:01 AM org.eclipse.lsp4j.jsonrpc.RemoteEndpoint handleCancellation
WARNING: Unmatched cancel notification for request id 36
May 10, 2020 8:39:01 AM org.eclipse.lsp4j.jsonrpc.RemoteEndpoint handleCancellation
WARNING: Unmatched cancel notification for request id 38
May 10, 2020 8:39:01 AM org.eclipse.lsp4j.jsonrpc.RemoteEndpoint handleCancellation
WARNING: Unmatched cancel notification for request id 35
May 10, 2020 8:39:01 AM org.eclipse.lsp4j.jsonrpc.RemoteEndpoint handleCancellation
WARNING: Unmatched cancel notification for request id 37
May 10, 2020 8:39:01 AM org.eclipse.lsp4j.jsonrpc.RemoteEndpoint handleCancellation
WARNING: Unmatched cancel notification for request id 39
May 10, 2020 8:39:01 AM org.eclipse.lsp4j.jsonrpc.RemoteEndpoint handleCancellation
WARNING: Unmatched cancel notification for request id 40
May 10, 2020 8:39:01 AM org.eclipse.lsp4j.jsonrpc.RemoteEndpoint handleCancellation
WARNING: Unmatched cancel notification for request id 41
WARN  no build target for: /home/bobby/Documents/programming/yahtzee-bot/src/main/scala/Main.scala
WARN  no build target for: /home/bobby/Documents/programming/yahtzee-bot/src/main/scala/Main.scala
WARN  no build target for: /home/bobby/Documents/programming/yahtzee-bot/src/main/scala/Main.scala
WARN  no build target for: /home/bobby/Documents/programming/yahtzee-bot/src/test/scala/example/HelloSpec.scala
WARN  no build target for: /home/bobby/Documents/programming/yahtzee-bot/src/test/scala/example/HelloSpec.scala
WARN  no build target for: /home/bobby/Documents/programming/yahtzee-bot/src/main/scala/Main.scala
WARN  no build target for: /home/bobby/Documents/programming/yahtzee-bot/src/main/scala/Main.scala
WARN  no build target for: /home/bobby/Documents/programming/yahtzee-bot/src/main/scala/Main.scala
May 10, 2020 8:43:03 AM org.eclipse.lsp4j.jsonrpc.services.GenericEndpoint notify
INFO: Unsupported notification method: $/setTraceNotification
WARN  no build target for: /home/bobby/Documents/programming/yahtzee-bot/src/main/scala/Main.scala
WARN  no build target for: /home/bobby/Documents/programming/yahtzee-bot/src/test/scala/example/HelloSpec.scala
WARN  no build target for: /home/bobby/Documents/programming/yahtzee-bot/src/main/scala/Combinations.scala
May 10, 2020 8:48:23 AM org.eclipse.lsp4j.jsonrpc.RemoteEndpoint handleCancellation
WARNING: Unmatched cancel notification for request id 1070
May 10, 2020 10:38:18 AM org.eclipse.lsp4j.jsonrpc.RemoteEndpoint handleCancellation
WARNING: Unmatched cancel notification for request id 1407
WARN  no build target for: /home/bobby/Documents/programming/yahtzee-bot/src/main/scala/Combinations.scala
WARN  no build target for: /home/bobby/Documents/programming/yahtzee-bot/src/main/scala/Combinations.scala
WARN  no build target for: /home/bobby/Documents/programming/yahtzee-bot/src/main/scala/Combinations.scala
WARN  no build target for: /home/bobby/Documents/programming/yahtzee-bot/src/main/scala/Combinations.scala
WARN  no build target for: /home/bobby/Documents/programming/yahtzee-bot/src/main/scala/Combinations.scala
WARN  no build target for: /home/bobby/Documents/programming/yahtzee-bot/src/main/scala/Combinations.scala
May 10, 2020 11:32:46 AM org.eclipse.lsp4j.jsonrpc.RemoteEndpoint handleCancellation
WARNING: Unmatched cancel notification for request id 2284
WARN  no build target for: /home/bobby/Documents/programming/yahtzee-bot/src/main/scala/Combinations.scala
WARN  no build target for: /home/bobby/Documents/programming/yahtzee-bot/src/main/scala/Combinations.scala
WARN  no build target for: /home/bobby/Documents/programming/yahtzee-bot/src/main/scala/Combinations.scala
May 10, 2020 11:36:17 AM org.eclipse.lsp4j.jsonrpc.RemoteEndpoint handleCancellation
WARNING: Unmatched cancel notification for request id 2518
WARN  no build target for: /home/bobby/Documents/programming/yahtzee-bot/src/test/scala/example/HelloSpec.scala
May 10, 2020 11:37:29 AM scala.meta.internal.pc.CompilerAccess handleError
SEVERE: offset 187, count -32, length 309
java.lang.StringIndexOutOfBoundsException: offset 187, count -32, length 309
	at java.base/java.lang.String.checkBoundsOffCount(String.java:3304)
	at java.base/java.lang.String.rangeCheck(String.java:280)
	at java.base/java.lang.String.<init>(String.java:276)
	at scala.tools.nsc.interactive.Global.typeCompletions$1(Global.scala:1230)
	at scala.tools.nsc.interactive.Global.completionsAt(Global.scala:1253)
	at scala.meta.internal.pc.SignatureHelpProvider.$anonfun$treeSymbol$1(SignatureHelpProvider.scala:369)
	at scala.Option.map(Option.scala:230)
	at scala.meta.internal.pc.SignatureHelpProvider.treeSymbol(SignatureHelpProvider.scala:368)
	at scala.meta.internal.pc.SignatureHelpProvider$MethodCall$.unapply(SignatureHelpProvider.scala:197)
	at scala.meta.internal.pc.SignatureHelpProvider$MethodCallTraverser.visit(SignatureHelpProvider.scala:305)
	at scala.meta.internal.pc.SignatureHelpProvider$MethodCallTraverser.traverse(SignatureHelpProvider.scala:300)
	at scala.meta.internal.pc.SignatureHelpProvider$MethodCallTraverser.traverse(SignatureHelpProvider.scala:265)
	at scala.reflect.internal.Trees.$anonfun$itraverse$3(Trees.scala:1367)
	at scala.reflect.api.Trees$Traverser.atOwner(Trees.scala:2515)
	at scala.reflect.internal.Trees.itraverse(Trees.scala:1367)
	at scala.reflect.internal.Trees.itraverse$(Trees.scala:1238)
	at scala.reflect.internal.SymbolTable.itraverse(SymbolTable.scala:28)
	at scala.reflect.internal.SymbolTable.itraverse(SymbolTable.scala:28)
	at scala.reflect.api.Trees$Traverser.traverse(Trees.scala:2483)
	at scala.meta.internal.pc.SignatureHelpProvider$MethodCallTraverser.visit(SignatureHelpProvider.scala:339)
	at scala.meta.internal.pc.SignatureHelpProvider$MethodCallTraverser.traverse(SignatureHelpProvider.scala:300)
	at scala.meta.internal.pc.SignatureHelpProvider$MethodCallTraverser.$anonfun$visit$5(SignatureHelpProvider.scala:335)
	at scala.meta.internal.pc.SignatureHelpProvider$MethodCallTraverser.$anonfun$visit$5$adapted(SignatureHelpProvider.scala:312)
	at scala.collection.TraversableLike$WithFilter.$anonfun$foreach$1(TraversableLike.scala:877)
	at scala.collection.immutable.List.foreach(List.scala:392)
	at scala.collection.TraversableLike$WithFilter.foreach(TraversableLike.scala:876)
	at scala.meta.internal.pc.SignatureHelpProvider$MethodCallTraverser.$anonfun$visit$3(SignatureHelpProvider.scala:312)
	at scala.meta.internal.pc.SignatureHelpProvider$MethodCallTraverser.$anonfun$visit$3$adapted(SignatureHelpProvider.scala:311)
	at scala.collection.TraversableLike$WithFilter.$anonfun$foreach$1(TraversableLike.scala:877)
	at scala.collection.immutable.List.foreach(List.scala:392)
	at scala.collection.TraversableLike$WithFilter.foreach(TraversableLike.scala:876)
	at scala.meta.internal.pc.SignatureHelpProvider$MethodCallTraverser.visit(SignatureHelpProvider.scala:311)
	at scala.meta.internal.pc.SignatureHelpProvider$MethodCallTraverser.traverse(SignatureHelpProvider.scala:300)
	at scala.meta.internal.pc.SignatureHelpProvider$MethodCallTraverser.fromTree(SignatureHelpProvider.scala:269)
	at scala.meta.internal.pc.SignatureHelpProvider.signatureHelp(SignatureHelpProvider.scala:26)

WARN  no build target for: /home/bobby/Documents/programming/yahtzee-bot/src/main/scala/Combinations.scala
WARN  no build target for: /home/bobby/Documents/programming/yahtzee-bot/src/main/scala/Combinations.scala
May 10, 2020 11:38:25 AM org.eclipse.lsp4j.jsonrpc.RemoteEndpoint handleCancellation
WARNING: Unmatched cancel notification for request id 2951
WARN  no build target for: /home/bobby/Documents/programming/yahtzee-bot/src/main/scala/Combinations.scala
WARN  no build target for: /home/bobby/Documents/programming/yahtzee-bot/src/main/scala/Combinations.scala
WARN  no build target for: /home/bobby/Documents/programming/yahtzee-bot/src/main/scala/Combinations.scala
something's wrong: no file:///home/bobby/Documents/programming/yahtzee-bot/src/main/scala/Combinations.scala in List[<error>]RangePosition(file:///home/bobby/Documents/programming/yahtzee-bot/src/main/scala/Combinations.scala, 174, 174, 188)
something's wrong: no file:///home/bobby/Documents/programming/yahtzee-bot/src/main/scala/Combinations.scala in List[<error>]RangePosition(file:///home/bobby/Documents/programming/yahtzee-bot/src/main/scala/Combinations.scala, 174, 174, 181)
something's wrong: no file:///home/bobby/Documents/programming/yahtzee-bot/src/main/scala/Combinations.scala in List[<error>]RangePosition(file:///home/bobby/Documents/programming/yahtzee-bot/src/main/scala/Combinations.scala, 174, 174, 182)
something's wrong: no file:///home/bobby/Documents/programming/yahtzee-bot/src/main/scala/Combinations.scala in List[Int]RangePosition(file:///home/bobby/Documents/programming/yahtzee-bot/src/main/scala/Combinations.scala, 174, 174, 183)
something's wrong: no file:///home/bobby/Documents/programming/yahtzee-bot/src/main/scala/Combinations.scala in List[Int]RangePosition(file:///home/bobby/Documents/programming/yahtzee-bot/src/main/scala/Combinations.scala, 174, 174, 183)
WARN  no build target for: /home/bobby/Documents/programming/yahtzee-bot/src/main/scala/Combinations.scala
something's wrong: no file:///home/bobby/Documents/programming/yahtzee-bot/src/main/scala/Combinations.scala in List[Int]RangePosition(file:///home/bobby/Documents/programming/yahtzee-bot/src/main/scala/Combinations.scala, 174, 174, 183)
something's wrong: no file:///home/bobby/Documents/programming/yahtzee-bot/src/main/scala/Combinations.scala in List[Int]RangePosition(file:///home/bobby/Documents/programming/yahtzee-bot/src/main/scala/Combinations.scala, 174, 174, 183)
something's wrong: no file:///home/bobby/Documents/programming/yahtzee-bot/src/main/scala/Combinations.scala in List[Int]RangePosition(file:///home/bobby/Documents/programming/yahtzee-bot/src/main/scala/Combinations.scala, 174, 174, 183)
WARN  no build target for: /home/bobby/Documents/programming/yahtzee-bot/src/main/scala/Combinations.scala
WARN  no build target for: /home/bobby/Documents/programming/yahtzee-bot/src/main/scala/Combinations.scala
something's wrong: no file:///home/bobby/Documents/programming/yahtzee-bot/src/main/scala/Combinations.scala in List[Int]RangePosition(file:///home/bobby/Documents/programming/yahtzee-bot/src/main/scala/Combinations.scala, 173, 173, 181)
May 10, 2020 11:47:27 AM scala.meta.internal.pc.CompilerAccess handleError
SEVERE: offset 179, count -6, length 342
java.lang.StringIndexOutOfBoundsException: offset 179, count -6, length 342
	at java.base/java.lang.String.checkBoundsOffCount(String.java:3304)
	at java.base/java.lang.String.rangeCheck(String.java:280)
	at java.base/java.lang.String.<init>(String.java:276)
	at scala.tools.nsc.interactive.Global.typeCompletions$1(Global.scala:1230)
	at scala.tools.nsc.interactive.Global.completionsAt(Global.scala:1253)
	at scala.meta.internal.pc.SignatureHelpProvider.$anonfun$treeSymbol$1(SignatureHelpProvider.scala:369)
	at scala.Option.map(Option.scala:230)
	at scala.meta.internal.pc.SignatureHelpProvider.treeSymbol(SignatureHelpProvider.scala:368)
	at scala.meta.internal.pc.SignatureHelpProvider$MethodCall$.unapply(SignatureHelpProvider.scala:177)
	at scala.meta.internal.pc.SignatureHelpProvider$MethodCallTraverser.visit(SignatureHelpProvider.scala:305)
	at scala.meta.internal.pc.SignatureHelpProvider$MethodCallTraverser.traverse(SignatureHelpProvider.scala:300)
	at scala.meta.internal.pc.SignatureHelpProvider$MethodCallTraverser.traverse(SignatureHelpProvider.scala:265)
	at scala.reflect.api.Trees$Traverser.traverseTypeAscription(Trees.scala:2486)
	at scala.reflect.internal.Trees.$anonfun$itraverse$1(Trees.scala:1247)
	at scala.reflect.api.Trees$Traverser.atOwner(Trees.scala:2515)
	at scala.reflect.internal.Trees.traverseMemberDef$1(Trees.scala:1241)
	at scala.reflect.internal.Trees.itraverse(Trees.scala:1366)
	at scala.reflect.internal.Trees.itraverse$(Trees.scala:1238)
	at scala.reflect.internal.SymbolTable.itraverse(SymbolTable.scala:28)
	at scala.reflect.internal.SymbolTable.itraverse(SymbolTable.scala:28)
	at scala.reflect.api.Trees$Traverser.traverse(Trees.scala:2483)
	at scala.meta.internal.pc.SignatureHelpProvider$MethodCallTraverser.visit(SignatureHelpProvider.scala:339)
	at scala.meta.internal.pc.SignatureHelpProvider$MethodCallTraverser.traverse(SignatureHelpProvider.scala:300)
	at scala.meta.internal.pc.SignatureHelpProvider$MethodCallTraverser.traverse(SignatureHelpProvider.scala:265)
	at scala.reflect.api.Trees$Traverser.$anonfun$traverseTrees$1(Trees.scala:2492)
	at scala.reflect.api.Trees$Traverser.traverseTrees(Trees.scala:2492)
	at scala.reflect.api.Trees$Traverser.traverseParams(Trees.scala:2500)
	at scala.reflect.internal.Trees.$anonfun$itraverse$3(Trees.scala:1367)
	at scala.reflect.api.Trees$Traverser.atOwner(Trees.scala:2515)
	at scala.reflect.internal.Trees.itraverse(Trees.scala:1367)
	at scala.reflect.internal.Trees.itraverse$(Trees.scala:1238)
	at scala.reflect.internal.SymbolTable.itraverse(SymbolTable.scala:28)
	at scala.reflect.internal.SymbolTable.itraverse(SymbolTable.scala:28)
	at scala.reflect.api.Trees$Traverser.traverse(Trees.scala:2483)
	at scala.meta.internal.pc.SignatureHelpProvider$MethodCallTraverser.visit(SignatureHelpProvider.scala:339)
	at scala.meta.internal.pc.SignatureHelpProvider$MethodCallTraverser.traverse(SignatureHelpProvider.scala:300)
	at scala.meta.internal.pc.SignatureHelpProvider$MethodCallTraverser.$anonfun$visit$5(SignatureHelpProvider.scala:335)
	at scala.meta.internal.pc.SignatureHelpProvider$MethodCallTraverser.$anonfun$visit$5$adapted(SignatureHelpProvider.scala:312)
	at scala.collection.TraversableLike$WithFilter.$anonfun$foreach$1(TraversableLike.scala:877)
	at scala.collection.immutable.List.foreach(List.scala:392)
	at scala.collection.TraversableLike$WithFilter.foreach(TraversableLike.scala:876)
	at scala.meta.internal.pc.SignatureHelpProvider$MethodCallTraverser.$anonfun$visit$3(SignatureHelpProvider.scala:312)
	at scala.meta.internal.pc.SignatureHelpProvider$MethodCallTraverser.$anonfun$visit$3$adapted(SignatureHelpProvider.scala:311)
	at scala.collection.TraversableLike$WithFilter.$anonfun$foreach$1(TraversableLike.scala:877)
	at scala.collection.immutable.List.foreach(List.scala:392)
	at scala.collection.TraversableLike$WithFilter.foreach(TraversableLike.scala:876)
	at scala.meta.internal.pc.SignatureHelpProvider$MethodCallTraverser.visit(SignatureHelpProvider.scala:311)
	at scala.meta.internal.pc.SignatureHelpProvider$MethodCallTraverser.traverse(SignatureHelpProvider.scala:300)
	at scala.meta.internal.pc.SignatureHelpProvider$MethodCallTraverser.fromTree(SignatureHelpProvider.scala:269)
	at scala.meta.internal.pc.SignatureHelpProvider.signatureHelp(SignatureHelpProvider.scala:26)

something's wrong: no file:///home/bobby/Documents/programming/yahtzee-bot/src/main/scala/Combinations.scala in List[Int]RangePosition(file:///home/bobby/Documents/programming/yahtzee-bot/src/main/scala/Combinations.scala, 173, 173, 181)
something's wrong: no file:///home/bobby/Documents/programming/yahtzee-bot/src/main/scala/Combinations.scala in List[Int]RangePosition(file:///home/bobby/Documents/programming/yahtzee-bot/src/main/scala/Combinations.scala, 173, 173, 181)
something's wrong: no file:///home/bobby/Documents/programming/yahtzee-bot/src/main/scala/Combinations.scala in List[Int]RangePosition(file:///home/bobby/Documents/programming/yahtzee-bot/src/main/scala/Combinations.scala, 173, 173, 181)
something's wrong: no file:///home/bobby/Documents/programming/yahtzee-bot/src/main/scala/Combinations.scala in List[Int]RangePosition(file:///home/bobby/Documents/programming/yahtzee-bot/src/main/scala/Combinations.scala, 173, 173, 181)
May 10, 2020 11:47:28 AM scala.meta.internal.pc.CompilerAccess handleError
SEVERE: offset 220, count -32, length 342
java.lang.StringIndexOutOfBoundsException: offset 220, count -32, length 342
	at java.base/java.lang.String.checkBoundsOffCount(String.java:3304)
	at java.base/java.lang.String.rangeCheck(String.java:280)
	at java.base/java.lang.String.<init>(String.java:276)
	at scala.tools.nsc.interactive.Global.typeCompletions$1(Global.scala:1230)
	at scala.tools.nsc.interactive.Global.completionsAt(Global.scala:1253)
	at scala.meta.internal.pc.SignatureHelpProvider.$anonfun$treeSymbol$1(SignatureHelpProvider.scala:369)
	at scala.Option.map(Option.scala:230)
	at scala.meta.internal.pc.SignatureHelpProvider.treeSymbol(SignatureHelpProvider.scala:368)
	at scala.meta.internal.pc.SignatureHelpProvider$MethodCall$.unapply(SignatureHelpProvider.scala:197)
	at scala.meta.internal.pc.SignatureHelpProvider$MethodCallTraverser.visit(SignatureHelpProvider.scala:305)
	at scala.meta.internal.pc.SignatureHelpProvider$MethodCallTraverser.traverse(SignatureHelpProvider.scala:300)
	at scala.meta.internal.pc.SignatureHelpProvider$MethodCallTraverser.traverse(SignatureHelpProvider.scala:265)
	at scala.reflect.internal.Trees.$anonfun$itraverse$3(Trees.scala:1367)
	at scala.reflect.api.Trees$Traverser.atOwner(Trees.scala:2515)
	at scala.reflect.internal.Trees.itraverse(Trees.scala:1367)
	at scala.reflect.internal.Trees.itraverse$(Trees.scala:1238)
	at scala.reflect.internal.SymbolTable.itraverse(SymbolTable.scala:28)
	at scala.reflect.internal.SymbolTable.itraverse(SymbolTable.scala:28)
	at scala.reflect.api.Trees$Traverser.traverse(Trees.scala:2483)
	at scala.meta.internal.pc.SignatureHelpProvider$MethodCallTraverser.visit(SignatureHelpProvider.scala:339)
	at scala.meta.internal.pc.SignatureHelpProvider$MethodCallTraverser.traverse(SignatureHelpProvider.scala:300)
	at scala.meta.internal.pc.SignatureHelpProvider$MethodCallTraverser.$anonfun$visit$5(SignatureHelpProvider.scala:335)
	at scala.meta.internal.pc.SignatureHelpProvider$MethodCallTraverser.$anonfun$visit$5$adapted(SignatureHelpProvider.scala:312)
	at scala.collection.TraversableLike$WithFilter.$anonfun$foreach$1(TraversableLike.scala:877)
	at scala.collection.immutable.List.foreach(List.scala:392)
	at scala.collection.TraversableLike$WithFilter.foreach(TraversableLike.scala:876)
	at scala.meta.internal.pc.SignatureHelpProvider$MethodCallTraverser.$anonfun$visit$3(SignatureHelpProvider.scala:312)
	at scala.meta.internal.pc.SignatureHelpProvider$MethodCallTraverser.$anonfun$visit$3$adapted(SignatureHelpProvider.scala:311)
	at scala.collection.TraversableLike$WithFilter.$anonfun$foreach$1(TraversableLike.scala:877)
	at scala.collection.immutable.List.foreach(List.scala:392)
	at scala.collection.TraversableLike$WithFilter.foreach(TraversableLike.scala:876)
	at scala.meta.internal.pc.SignatureHelpProvider$MethodCallTraverser.visit(SignatureHelpProvider.scala:311)
	at scala.meta.internal.pc.SignatureHelpProvider$MethodCallTraverser.traverse(SignatureHelpProvider.scala:300)
	at scala.meta.internal.pc.SignatureHelpProvider$MethodCallTraverser.fromTree(SignatureHelpProvider.scala:269)
	at scala.meta.internal.pc.SignatureHelpProvider.signatureHelp(SignatureHelpProvider.scala:26)

May 10, 2020 11:47:41 AM scala.meta.internal.pc.CompletionProvider expected$1
WARNING: offset 234, count -1, length 374
WARN  no build target for: /home/bobby/Documents/programming/yahtzee-bot/src/main/scala/Combinations.scala
WARN  no build target for: /home/bobby/Documents/programming/yahtzee-bot/src/main/scala/Combinations.scala
WARN  no build target for: /home/bobby/Documents/programming/yahtzee-bot/src/test/scala/example/HelloSpec.scala
WARN  no build target for: /home/bobby/Documents/programming/yahtzee-bot/src/main/scala/Combinations.scala
May 10, 2020 11:53:57 AM scala.meta.internal.pc.CompilerAccess handleError
SEVERE: offset 227, count -6, length 350
java.lang.StringIndexOutOfBoundsException: offset 227, count -6, length 350
	at java.base/java.lang.String.checkBoundsOffCount(String.java:3304)
	at java.base/java.lang.String.rangeCheck(String.java:280)
	at java.base/java.lang.String.<init>(String.java:276)
	at scala.tools.nsc.interactive.Global.typeCompletions$1(Global.scala:1230)
	at scala.tools.nsc.interactive.Global.completionsAt(Global.scala:1253)
	at scala.meta.internal.pc.SignatureHelpProvider.$anonfun$treeSymbol$1(SignatureHelpProvider.scala:369)
	at scala.Option.map(Option.scala:230)
	at scala.meta.internal.pc.SignatureHelpProvider.treeSymbol(SignatureHelpProvider.scala:368)
	at scala.meta.internal.pc.SignatureHelpProvider$MethodCall$.unapply(SignatureHelpProvider.scala:197)
	at scala.meta.internal.pc.SignatureHelpProvider$MethodCallTraverser.visit(SignatureHelpProvider.scala:305)
	at scala.meta.internal.pc.SignatureHelpProvider$MethodCallTraverser.traverse(SignatureHelpProvider.scala:300)
	at scala.meta.internal.pc.SignatureHelpProvider$MethodCallTraverser.traverse(SignatureHelpProvider.scala:265)
	at scala.reflect.internal.Trees.$anonfun$itraverse$3(Trees.scala:1367)
	at scala.reflect.api.Trees$Traverser.atOwner(Trees.scala:2515)
	at scala.reflect.internal.Trees.itraverse(Trees.scala:1367)
	at scala.reflect.internal.Trees.itraverse$(Trees.scala:1238)
	at scala.reflect.internal.SymbolTable.itraverse(SymbolTable.scala:28)
	at scala.reflect.internal.SymbolTable.itraverse(SymbolTable.scala:28)
	at scala.reflect.api.Trees$Traverser.traverse(Trees.scala:2483)
	at scala.meta.internal.pc.SignatureHelpProvider$MethodCallTraverser.visit(SignatureHelpProvider.scala:339)
	at scala.meta.internal.pc.SignatureHelpProvider$MethodCallTraverser.traverse(SignatureHelpProvider.scala:300)
	at scala.meta.internal.pc.SignatureHelpProvider$MethodCallTraverser.traverse(SignatureHelpProvider.scala:265)
	at scala.reflect.internal.Trees.$anonfun$itraverse$3(Trees.scala:1367)
	at scala.reflect.api.Trees$Traverser.atOwner(Trees.scala:2515)
	at scala.reflect.internal.Trees.itraverse(Trees.scala:1367)
	at scala.reflect.internal.Trees.itraverse$(Trees.scala:1238)
	at scala.reflect.internal.SymbolTable.itraverse(SymbolTable.scala:28)
	at scala.reflect.internal.SymbolTable.itraverse(SymbolTable.scala:28)
	at scala.reflect.api.Trees$Traverser.traverse(Trees.scala:2483)
	at scala.meta.internal.pc.SignatureHelpProvider$MethodCallTraverser.visit(SignatureHelpProvider.scala:339)
	at scala.meta.internal.pc.SignatureHelpProvider$MethodCallTraverser.traverse(SignatureHelpProvider.scala:300)
	at scala.meta.internal.pc.SignatureHelpProvider$MethodCallTraverser.$anonfun$visit$5(SignatureHelpProvider.scala:335)
	at scala.meta.internal.pc.SignatureHelpProvider$MethodCallTraverser.$anonfun$visit$5$adapted(SignatureHelpProvider.scala:312)
	at scala.collection.TraversableLike$WithFilter.$anonfun$foreach$1(TraversableLike.scala:877)
	at scala.collection.immutable.List.foreach(List.scala:392)
	at scala.collection.TraversableLike$WithFilter.foreach(TraversableLike.scala:876)
	at scala.meta.internal.pc.SignatureHelpProvider$MethodCallTraverser.$anonfun$visit$3(SignatureHelpProvider.scala:312)
	at scala.meta.internal.pc.SignatureHelpProvider$MethodCallTraverser.$anonfun$visit$3$adapted(SignatureHelpProvider.scala:311)
	at scala.collection.TraversableLike$WithFilter.$anonfun$foreach$1(TraversableLike.scala:877)
	at scala.collection.immutable.List.foreach(List.scala:392)
	at scala.collection.TraversableLike$WithFilter.foreach(TraversableLike.scala:876)
	at scala.meta.internal.pc.SignatureHelpProvider$MethodCallTraverser.visit(SignatureHelpProvider.scala:311)
	at scala.meta.internal.pc.SignatureHelpProvider$MethodCallTraverser.traverse(SignatureHelpProvider.scala:300)
	at scala.meta.internal.pc.SignatureHelpProvider$MethodCallTraverser.fromTree(SignatureHelpProvider.scala:269)
	at scala.meta.internal.pc.SignatureHelpProvider.signatureHelp(SignatureHelpProvider.scala:26)

WARN  no build target for: /home/bobby/Documents/programming/yahtzee-bot/src/main/scala/Combinations.scala
something's wrong: no file:///home/bobby/Documents/programming/yahtzee-bot/src/main/scala/Combinations.scala in <error> => <error> forSome { type _$1 }RangePosition(file:///home/bobby/Documents/programming/yahtzee-bot/src/main/scala/Combinations.scala, 234, 236, 245)
something's wrong: no file:///home/bobby/Documents/programming/yahtzee-bot/src/main/scala/Combinations.scala in <error> => <error> forSome { type _$1 }RangePosition(file:///home/bobby/Documents/programming/yahtzee-bot/src/main/scala/Combinations.scala, 234, 237, 246)
something's wrong: no file:///home/bobby/Documents/programming/yahtzee-bot/src/main/scala/Combinations.scala in <error> => <error> forSome { type _$1 }RangePosition(file:///home/bobby/Documents/programming/yahtzee-bot/src/main/scala/Combinations.scala, 234, 239, 248)
something's wrong: no file:///home/bobby/Documents/programming/yahtzee-bot/src/main/scala/Combinations.scala in List[<error>]RangePosition(file:///home/bobby/Documents/programming/yahtzee-bot/src/main/scala/Combinations.scala, 234, 234, 248)
something's wrong: no file:///home/bobby/Documents/programming/yahtzee-bot/src/main/scala/Combinations.scala in List[<error>]RangePosition(file:///home/bobby/Documents/programming/yahtzee-bot/src/main/scala/Combinations.scala, 234, 234, 241)
something's wrong: no file:///home/bobby/Documents/programming/yahtzee-bot/src/main/scala/Combinations.scala in List[<error>]RangePosition(file:///home/bobby/Documents/programming/yahtzee-bot/src/main/scala/Combinations.scala, 234, 234, 242)
something's wrong: no file:///home/bobby/Documents/programming/yahtzee-bot/src/main/scala/Combinations.scala in List[Int]RangePosition(file:///home/bobby/Documents/programming/yahtzee-bot/src/main/scala/Combinations.scala, 234, 234, 243)
something's wrong: no file:///home/bobby/Documents/programming/yahtzee-bot/src/main/scala/Combinations.scala in List[Int]RangePosition(file:///home/bobby/Documents/programming/yahtzee-bot/src/main/scala/Combinations.scala, 234, 234, 243)
something's wrong: no file:///home/bobby/Documents/programming/yahtzee-bot/src/main/scala/Combinations.scala in List[Int]RangePosition(file:///home/bobby/Documents/programming/yahtzee-bot/src/main/scala/Combinations.scala, 234, 234, 243)
WARN  no build target for: /home/bobby/Documents/programming/yahtzee-bot/src/main/scala/Combinations.scala
WARN  no build target for: /home/bobby/Documents/programming/yahtzee-bot/src/main/scala/Combinations.scala
WARN  no build target for: /home/bobby/Documents/programming/yahtzee-bot/src/main/scala/Combinations.scala
WARN  no build target for: /home/bobby/Documents/programming/yahtzee-bot/src/main/scala/Combinations.scala
WARN  no build target for: /home/bobby/Documents/programming/yahtzee-bot/src/main/scala/Combinations.scala
WARN  no build target for: /home/bobby/Documents/programming/yahtzee-bot/src/main/scala/Combinations.scala
WARN  no build target for: /home/bobby/Documents/programming/yahtzee-bot/src/main/scala/Combinations.scala
WARN  no build target for: /home/bobby/Documents/programming/yahtzee-bot/src/test/scala/example/HelloSpec.scala
WARN  no build target for: /home/bobby/Documents/programming/yahtzee-bot/src/main/scala/Combinations.scala
WARN  no build target for: /home/bobby/Documents/programming/yahtzee-bot/src/main/scala/Combinations.scala
WARN  no build target for: /home/bobby/Documents/programming/yahtzee-bot/src/main/scala/Combinations.scala
WARN  no build target for: /home/bobby/Documents/programming/yahtzee-bot/src/main/scala/Combinations.scala
WARN  no build target for: /home/bobby/Documents/programming/yahtzee-bot/src/main/scala/Combinations.scala
WARN  no build target for: /home/bobby/Documents/programming/yahtzee-bot/src/main/scala/Combinations.scala
WARN  no build target for: /home/bobby/Documents/programming/yahtzee-bot/src/main/scala/Combinations.scala
WARN  no build target for: /home/bobby/Documents/programming/yahtzee-bot/src/main/scala/Combinations.scala
WARN  no build target for: /home/bobby/Documents/programming/yahtzee-bot/src/main/scala/Combinations.scala
WARN  no build target for: /home/bobby/Documents/programming/yahtzee-bot/src/main/scala/Combinations.scala
WARN  no build target for: /home/bobby/Documents/programming/yahtzee-bot/src/main/scala/Combinations.scala
WARN  no build target for: /home/bobby/Documents/programming/yahtzee-bot/src/test/scala/example/HelloSpec.scala
WARN  no build target for: /home/bobby/Documents/programming/yahtzee-bot/src/test/scala/example/HelloSpec.scala
WARN  no build target for: /home/bobby/Documents/programming/yahtzee-bot/src/test/scala/example/HelloSpec.scala
WARN  no build target for: /home/bobby/Documents/programming/yahtzee-bot/src/test/scala/example/HelloSpec.scala
INFO  started: Metals version 0.8.0 in workspace '/home/bobby/Documents/programming/yahtzee-bot'
INFO  time: initialize in 2.5s
INFO  skipping build import with status 'Requested'
WARN  no build target for: /home/bobby/Documents/programming/yahtzee-bot/src/test/scala/example/HelloSpec.scala
May 10, 2020 2:04:16 PM org.eclipse.lsp4j.jsonrpc.RemoteEndpoint handleCancellation
WARNING: Unmatched cancel notification for request id 2
May 10, 2020 2:04:16 PM org.eclipse.lsp4j.jsonrpc.RemoteEndpoint handleCancellation
WARNING: Unmatched cancel notification for request id 5
May 10, 2020 2:04:16 PM org.eclipse.lsp4j.jsonrpc.RemoteEndpoint handleCancellation
WARNING: Unmatched cancel notification for request id 4
INFO  no build target: using presentation compiler with only scala-library
May 10, 2020 2:04:17 PM org.eclipse.lsp4j.jsonrpc.RemoteEndpoint handleCancellation
WARNING: Unmatched cancel notification for request id 16
May 10, 2020 2:04:17 PM org.eclipse.lsp4j.jsonrpc.RemoteEndpoint handleCancellation
WARNING: Unmatched cancel notification for request id 14
May 10, 2020 2:04:17 PM org.eclipse.lsp4j.jsonrpc.RemoteEndpoint handleCancellation
WARNING: Unmatched cancel notification for request id 23
May 10, 2020 2:04:17 PM org.eclipse.lsp4j.jsonrpc.RemoteEndpoint handleCancellation
WARNING: Unmatched cancel notification for request id 22
May 10, 2020 2:04:17 PM org.eclipse.lsp4j.jsonrpc.RemoteEndpoint handleCancellation
WARNING: Unmatched cancel notification for request id 28
May 10, 2020 2:04:17 PM org.eclipse.lsp4j.jsonrpc.RemoteEndpoint handleCancellation
WARNING: Unmatched cancel notification for request id 34
May 10, 2020 2:04:17 PM org.eclipse.lsp4j.jsonrpc.RemoteEndpoint handleCancellation
WARNING: Unmatched cancel notification for request id 36
May 10, 2020 2:04:17 PM org.eclipse.lsp4j.jsonrpc.RemoteEndpoint handleCancellation
WARNING: Unmatched cancel notification for request id 27
May 10, 2020 2:04:17 PM org.eclipse.lsp4j.jsonrpc.RemoteEndpoint handleCancellation
WARNING: Unmatched cancel notification for request id 37
May 10, 2020 2:04:17 PM org.eclipse.lsp4j.jsonrpc.RemoteEndpoint handleCancellation
WARNING: Unmatched cancel notification for request id 41
May 10, 2020 2:04:17 PM org.eclipse.lsp4j.jsonrpc.RemoteEndpoint handleCancellation
WARNING: Unmatched cancel notification for request id 40
May 10, 2020 2:04:17 PM org.eclipse.lsp4j.jsonrpc.RemoteEndpoint handleCancellation
WARNING: Unmatched cancel notification for request id 1
May 10, 2020 2:04:17 PM org.eclipse.lsp4j.jsonrpc.RemoteEndpoint handleCancellation
WARNING: Unmatched cancel notification for request id 44
May 10, 2020 2:04:17 PM org.eclipse.lsp4j.jsonrpc.RemoteEndpoint handleCancellation
WARNING: Unmatched cancel notification for request id 42
May 10, 2020 2:04:17 PM org.eclipse.lsp4j.jsonrpc.RemoteEndpoint handleCancellation
WARNING: Unmatched cancel notification for request id 46
May 10, 2020 2:04:17 PM org.eclipse.lsp4j.jsonrpc.RemoteEndpoint handleCancellation
WARNING: Unmatched cancel notification for request id 48
May 10, 2020 2:04:17 PM org.eclipse.lsp4j.jsonrpc.RemoteEndpoint handleCancellation
WARNING: Unmatched cancel notification for request id 45
May 10, 2020 2:04:17 PM org.eclipse.lsp4j.jsonrpc.RemoteEndpoint handleCancellation
WARNING: Unmatched cancel notification for request id 47
May 10, 2020 2:04:17 PM org.eclipse.lsp4j.jsonrpc.RemoteEndpoint handleCancellation
WARNING: Unmatched cancel notification for request id 50
WARN  no build target for: /home/bobby/Documents/programming/yahtzee-bot/src/test/scala/example/HelloSpec.scala
WARN  no build target for: /home/bobby/Documents/programming/yahtzee-bot/src/main/scala/Combinations.scala
WARN  no build target for: /home/bobby/Documents/programming/yahtzee-bot/src/main/scala/Combinations.scala
WARN  no build target for: /home/bobby/Documents/programming/yahtzee-bot/src/test/scala/example/HelloSpec.scala
WARN  no build target for: /home/bobby/Documents/programming/yahtzee-bot/src/test/scala/example/HelloSpec.scala
WARN  no build target for: /home/bobby/Documents/programming/yahtzee-bot/src/main/scala/Combinations.scala
WARN  no build target for: /home/bobby/Documents/programming/yahtzee-bot/src/main/scala/Combinations.scala
WARN  no build target for: /home/bobby/Documents/programming/yahtzee-bot/src/main/scala/Combinations.scala
WARN  no build target for: /home/bobby/Documents/programming/yahtzee-bot/src/main/scala/Combinations.scala
WARN  no build target for: /home/bobby/Documents/programming/yahtzee-bot/src/main/scala/Combinations.scala
WARN  no build target for: /home/bobby/Documents/programming/yahtzee-bot/src/main/scala/Combinations.scala
WARN  no build target for: /home/bobby/Documents/programming/yahtzee-bot/src/main/scala/Combinations.scala
WARN  no build target for: /home/bobby/Documents/programming/yahtzee-bot/src/main/scala/Combinations.scala
WARN  no build target for: /home/bobby/Documents/programming/yahtzee-bot/src/test/scala/example/HelloSpec.scala
WARN  no build target for: /home/bobby/Documents/programming/yahtzee-bot/src/test/scala/example/HelloSpec.scala
WARN  no build target for: /home/bobby/Documents/programming/yahtzee-bot/src/test/scala/example/HelloSpec.scala
WARN  no build target for: /home/bobby/Documents/programming/yahtzee-bot/src/test/scala/example/HelloSpec.scala
WARN  no build target for: /home/bobby/Documents/programming/yahtzee-bot/src/main/scala/Combinations.scala
WARN  no build target for: /home/bobby/Documents/programming/yahtzee-bot/src/main/scala/Combinations.scala
WARN  no build target for: /home/bobby/Documents/programming/yahtzee-bot/src/main/scala/Combinations.scala
WARN  no build target for: /home/bobby/Documents/programming/yahtzee-bot/src/main/scala/Combinations.scala
WARN  no build target for: /home/bobby/Documents/programming/yahtzee-bot/src/main/scala/Combinations.scala
WARN  no build target for: /home/bobby/Documents/programming/yahtzee-bot/src/test/scala/example/HelloSpec.scala
WARN  no build target for: /home/bobby/Documents/programming/yahtzee-bot/src/test/scala/example/HelloSpec.scala
WARN  no build target for: /home/bobby/Documents/programming/yahtzee-bot/src/test/scala/example/HelloSpec.scala
INFO  started: Metals version 0.8.0 in workspace '/home/bobby/Documents/programming/yahtzee-bot'
INFO  time: initialize in 2.44s
INFO  skipping build import with status 'Requested'
WARN  no build target for: /home/bobby/Documents/programming/yahtzee-bot/src/main/scala/DiceGroup.scala
WARN  no build target for: /home/bobby/Documents/programming/yahtzee-bot/src/main/scala/Combinations.scala
INFO  no build target: using presentation compiler with only scala-library
WARN  no build target for: /home/bobby/Documents/programming/yahtzee-bot/src/main/scala/DiceGroup.scala
May 11, 2020 9:30:12 PM org.eclipse.lsp4j.jsonrpc.RemoteEndpoint handleCancellation
WARNING: Unmatched cancel notification for request id 361
WARN  no build target for: /home/bobby/Documents/programming/yahtzee-bot/src/main/scala/Combinations.scala
WARN  no build target for: /home/bobby/Documents/programming/yahtzee-bot/src/main/scala/Combinations.scala
WARN  no build target for: /home/bobby/Documents/programming/yahtzee-bot/src/test/scala/CombinationsSpec.scala
WARN  no build target for: /home/bobby/Documents/programming/yahtzee-bot/src/test/scala/CombinationsSpec.scala
May 11, 2020 9:38:30 PM org.eclipse.lsp4j.jsonrpc.RemoteEndpoint handleCancellation
WARNING: Unmatched cancel notification for request id 1006
WARN  no build target for: /home/bobby/Documents/programming/yahtzee-bot/src/main/scala/Combinations.scala
WARN  no build target for: /home/bobby/Documents/programming/yahtzee-bot/src/main/scala/Combinations.scala
May 11, 2020 9:41:19 PM org.eclipse.lsp4j.jsonrpc.RemoteEndpoint fallbackResponseError
SEVERE: Internal error: scala.reflect.internal.Symbols$CyclicReference: illegal cyclic reference involving object Combinations
java.util.concurrent.CompletionException: scala.reflect.internal.Symbols$CyclicReference: illegal cyclic reference involving object Combinations
	at java.base/java.util.concurrent.CompletableFuture.encodeThrowable(CompletableFuture.java:314)
	at java.base/java.util.concurrent.CompletableFuture.completeThrowable(CompletableFuture.java:319)
	at java.base/java.util.concurrent.CompletableFuture$UniAccept.tryFire(CompletableFuture.java:718)
	at java.base/java.util.concurrent.CompletableFuture.postComplete(CompletableFuture.java:506)
	at java.base/java.util.concurrent.CompletableFuture.complete(CompletableFuture.java:2073)
	at scala.meta.internal.metals.CancelTokens$.$anonfun$future$1(CancelTokens.scala:40)
	at scala.meta.internal.metals.CancelTokens$.$anonfun$future$1$adapted(CancelTokens.scala:36)
	at scala.concurrent.impl.CallbackRunnable.run(Promise.scala:64)
	at java.base/java.util.concurrent.ThreadPoolExecutor.runWorker(ThreadPoolExecutor.java:1128)
	at java.base/java.util.concurrent.ThreadPoolExecutor$Worker.run(ThreadPoolExecutor.java:628)
	at java.base/java.lang.Thread.run(Thread.java:834)
Caused by: scala.reflect.internal.Symbols$CyclicReference: illegal cyclic reference involving object Combinations

May 11, 2020 9:42:16 PM scala.meta.internal.pc.CompilerAccess retryWithCleanCompiler
INFO: compiler crashed due to an error in the Scala compiler, retrying with new compiler instance.
May 11, 2020 9:42:22 PM scala.meta.internal.pc.CompilerAccess retryWithCleanCompiler
INFO: compiler crashed due to an error in the Scala compiler, retrying with new compiler instance.
WARN  no build target for: /home/bobby/Documents/programming/yahtzee-bot/src/main/scala/Combinations.scala
May 11, 2020 9:42:49 PM org.eclipse.lsp4j.jsonrpc.RemoteEndpoint handleCancellation
WARNING: Unmatched cancel notification for request id 1583
WARN  no build target for: /home/bobby/Documents/programming/yahtzee-bot/src/main/scala/Combinations.scala
WARN  no build target for: /home/bobby/Documents/programming/yahtzee-bot/src/main/scala/Combinations.scala
May 11, 2020 9:44:01 PM org.eclipse.lsp4j.jsonrpc.RemoteEndpoint handleCancellation
WARNING: Unmatched cancel notification for request id 1832
WARN  no build target for: /home/bobby/Documents/programming/yahtzee-bot/src/main/scala/Combinations.scala
May 11, 2020 9:45:40 PM org.eclipse.lsp4j.jsonrpc.RemoteEndpoint handleCancellation
WARNING: Unmatched cancel notification for request id 2087
WARN  no build target for: /home/bobby/Documents/programming/yahtzee-bot/src/main/scala/Combinations.scala
May 11, 2020 9:47:17 PM org.eclipse.lsp4j.jsonrpc.RemoteEndpoint handleCancellation
WARNING: Unmatched cancel notification for request id 2296
WARN  no build target for: /home/bobby/Documents/programming/yahtzee-bot/src/main/scala/Combinations.scala
May 11, 2020 9:48:22 PM org.eclipse.lsp4j.jsonrpc.RemoteEndpoint handleCancellation
WARNING: Unmatched cancel notification for request id 2587
May 11, 2020 9:48:23 PM org.eclipse.lsp4j.jsonrpc.RemoteEndpoint handleCancellation
WARNING: Unmatched cancel notification for request id 2604
WARN  no build target for: /home/bobby/Documents/programming/yahtzee-bot/src/test/scala/CombinationsSpec.scala
WARN  no build target for: /home/bobby/Documents/programming/yahtzee-bot/src/test/scala/CombinationsSpec.scala
WARN  no build target for: /home/bobby/Documents/programming/yahtzee-bot/src/main/scala/Combinations.scala
WARN  no build target for: /home/bobby/Documents/programming/yahtzee-bot/src/main/scala/Combinations.scala
WARN  no build target for: /home/bobby/Documents/programming/yahtzee-bot/src/test/scala/CombinationsSpec.scala
WARN  no build target for: /home/bobby/Documents/programming/yahtzee-bot/src/test/scala/CombinationsSpec.scala
WARN  no build target for: /home/bobby/Documents/programming/yahtzee-bot/src/test/scala/CombinationsSpec.scala
WARN  no build target for: /home/bobby/Documents/programming/yahtzee-bot/src/main/scala/Combinations.scala
WARN  no build target for: /home/bobby/Documents/programming/yahtzee-bot/src/test/scala/CombinationsSpec.scala
WARN  no build target for: /home/bobby/Documents/programming/yahtzee-bot/src/test/scala/CombinationsSpec.scala
WARN  no build target for: /home/bobby/Documents/programming/yahtzee-bot/src/test/scala/CombinationsSpec.scala
WARN  no build target for: /home/bobby/Documents/programming/yahtzee-bot/src/test/scala/CombinationsSpec.scala
WARN  no build target for: /home/bobby/Documents/programming/yahtzee-bot/src/test/scala/CombinationsSpec.scala
WARN  no build target for: /home/bobby/Documents/programming/yahtzee-bot/src/test/scala/CombinationsSpec.scala
WARN  no build target for: /home/bobby/Documents/programming/yahtzee-bot/src/test/scala/CombinationsSpec.scala
WARN  no build target for: /home/bobby/Documents/programming/yahtzee-bot/src/test/scala/CombinationsSpec.scala
WARN  no build target for: /home/bobby/Documents/programming/yahtzee-bot/src/test/scala/CombinationsSpec.scala
WARN  no build target for: /home/bobby/Documents/programming/yahtzee-bot/src/test/scala/CombinationsSpec.scala
WARN  no build target for: /home/bobby/Documents/programming/yahtzee-bot/src/test/scala/CombinationsSpec.scala
WARN  no build target for: /home/bobby/Documents/programming/yahtzee-bot/src/test/scala/CombinationsSpec.scala
WARN  no build target for: /home/bobby/Documents/programming/yahtzee-bot/src/test/scala/CombinationsSpec.scala
